#
# There is insufficient memory for the Java Runtime Environment to continue.
# Native memory allocation (malloc) failed to allocate 32744 bytes for ChunkPool::allocate
# Possible reasons:
#   The system is out of physical RAM or swap space
#   In 32 bit mode, the process size limit was hit
# Possible solutions:
#   Reduce memory load on the system
#   Increase physical memory or swap space
#   Check if swap backing store is full
#   Use 64 bit Java on a 64 bit OS
#   Decrease Java heap size (-Xmx/-Xms)
#   Decrease number of Java threads
#   Decrease Java thread stack sizes (-Xss)
#   Set larger code cache with -XX:ReservedCodeCacheSize=
# This output file may be truncated or incomplete.
#
#  Out of Memory Error (allocation.cpp:273), pid=6396, tid=8424
#
# JRE version: Java(TM) SE Runtime Environment (8.0_60-b27) (build 1.8.0_60-b27)
# Java VM: Java HotSpot(TM) 64-Bit Server VM (25.60-b23 mixed mode windows-amd64 compressed oops)
# Failed to write core dump. Minidumps are not enabled by default on client versions of Windows
#

---------------  T H R E A D  ---------------

Current thread (0x0000000057457800):  JavaThread "C1 CompilerThread2" daemon [_thread_in_native, id=8424, stack(0x0000000058340000,0x0000000058440000)]

Stack: [0x0000000058340000,0x0000000058440000]
[error occurred during error reporting (printing stack bounds), id 0xc0000005]

Native frames: (J=compiled Java code, j=interpreted, Vv=VM code, C=native code)


Current CompileTask:
C1:  10663 3480       3      
[error occurred during error reporting (printing current compile task), id 0xe0000001]


---------------  P R O C E S S  ---------------

Java Threads: ( => current thread )
  0x000000005cd87800 JavaThread "Thread-2" [_thread_in_native, id=6576, stack(0x000000005e250000,0x000000005e350000)]
  0x000000005cd86800 JavaThread "Thread-1" [_thread_in_native, id=408, stack(0x000000005de60000,0x000000005df60000)]
  0x000000005cd86000 JavaThread "ThreadedStreamConsumer" [_thread_blocked, id=4588, stack(0x000000005e140000,0x000000005e240000)]
  0x000000005aafd000 JavaThread "resolver-4" daemon [_thread_blocked, id=3440, stack(0x000000005dd50000,0x000000005de50000)]
  0x000000005aafc000 JavaThread "resolver-3" daemon [_thread_blocked, id=5592, stack(0x000000005dbe0000,0x000000005dce0000)]
  0x000000005cb04000 JavaThread "resolver-2" daemon [_thread_blocked, id=7788, stack(0x0000000059e10000,0x0000000059f10000)]
  0x000000005ca3f800 JavaThread "resolver-1" daemon [_thread_blocked, id=3944, stack(0x000000005d960000,0x000000005da60000)]
  0x000000005745e800 JavaThread "Service Thread" daemon [_thread_blocked, id=7392, stack(0x0000000059f30000,0x000000005a030000)]
=>0x0000000057457800 JavaThread "C1 CompilerThread2" daemon [_thread_in_native, id=8424, stack(0x0000000058340000,0x0000000058440000)]
  0x0000000057456000 JavaThread "C2 CompilerThread1" daemon [_thread_blocked, id=4560, stack(0x0000000059ca0000,0x0000000059da0000)]
  0x000000005931b800 JavaThread "C2 CompilerThread0" daemon [_thread_blocked, id=7844, stack(0x0000000059ae0000,0x0000000059be0000)]
  0x0000000057452800 JavaThread "Attach Listener" daemon [_thread_blocked, id=1800, stack(0x0000000059940000,0x0000000059a40000)]
  0x0000000057450000 JavaThread "Signal Dispatcher" daemon [_thread_blocked, id=3304, stack(0x00000000597e0000,0x00000000598e0000)]
  0x00000000573f8800 JavaThread "Finalizer" daemon [_thread_blocked, id=9180, stack(0x0000000058f60000,0x0000000059060000)]
  0x00000000573f1800 JavaThread "Reference Handler" daemon [_thread_blocked, id=7604, stack(0x0000000059210000,0x0000000059310000)]
  0x000000000294f000 JavaThread "main" [_thread_in_native, id=8960, stack(0x0000000002a30000,0x0000000002b30000)]

Other Threads:
  0x00000000573ec000 VMThread [stack: 0x0000000059070000,0x0000000059170000] [id=6908]
  0x00000000593dc800 WatcherThread [stack: 0x000000005a140000,0x000000005a240000] [id=2988]

VM state:not at safepoint (normal execution)

VM Mutex/Monitor currently owned by a thread: None

Heap:
 PSYoungGen      total 66560K, used 65715K [0x00000000d8400000, 0x00000000e1300000, 0x0000000100000000)
  eden space 61440K, 98% used [0x00000000d8400000,0x00000000dbf2cdb0,0x00000000dc000000)
  from space 5120K, 100% used [0x00000000dc000000,0x00000000dc500000,0x00000000dc500000)
  to   space 11776K, 0% used [0x00000000e0780000,0x00000000e0780000,0x00000000e1300000)
 ParOldGen       total 81920K, used 13640K [0x0000000088c00000, 0x000000008dc00000, 0x00000000d8400000)
  object space 81920K, 16% used [0x0000000088c00000,0x00000000899523d8,0x000000008dc00000)
 Metaspace       used 17847K, capacity 18278K, committed 18432K, reserved 1064960K
  class space    used 2064K, capacity 2190K, committed 2304K, reserved 1048576K

Card table byte_map: [0x0000000011f70000,0x0000000012330000] byte_map_base: 0x0000000011b2a000

Marking Bits: (ParMarkBitMap*) 0x0000000058caa5b0
 Begin Bits: [0x0000000012b00000, 0x00000000148d0000)
 End Bits:   [0x00000000148d0000, 0x00000000166a0000)

Polling page: 0x0000000000160000

CodeCache: size=245760Kb used=11910Kb max_used=11916Kb free=233849Kb
 bounds [0x0000000002bb0000, 0x0000000003760000, 0x0000000011bb0000]
 total_blobs=3824 nmethods=3464 adapters=272
 compilation: enabled

Compilation events (10 events):
Event: 7.833 Thread 0x000000005931b800 nmethod 3475 0x0000000003752650 code [0x00000000037527a0, 0x0000000003752888]
Event: 10.313 Thread 0x0000000057457800 3476       3       java.nio.charset.CharsetEncoder::onMalformedInput (26 bytes)
Event: 10.314 Thread 0x0000000057457800 nmethod 3476 0x000000000374a150 code [0x000000000374a2c0, 0x000000000374a608]
Event: 10.314 Thread 0x0000000057457800 3477       3       java.nio.charset.CharsetEncoder::implOnMalformedInput (1 bytes)
Event: 10.314 Thread 0x0000000057457800 nmethod 3477 0x0000000003749e10 code [0x0000000003749f60, 0x000000000374a0b0]
Event: 10.314 Thread 0x0000000057457800 3478       3       java.nio.charset.CharsetEncoder::onUnmappableCharacter (26 bytes)
Event: 10.314 Thread 0x0000000057457800 nmethod 3478 0x0000000003750110 code [0x0000000003750280, 0x00000000037505c8]
Event: 10.314 Thread 0x0000000057457800 3479       3       java.nio.charset.CharsetEncoder::implOnUnmappableCharacter (1 bytes)
Event: 10.314 Thread 0x0000000057457800 nmethod 3479 0x000000000374fe10 code [0x000000000374ff60, 0x00000000037500b0]
Event: 10.659 Thread 0x0000000057457800 3480       3       sun.nio.cs.SingleByte$Encoder::encodeArrayLoop (236 bytes)

GC Heap History (10 events):
Event: 0.896 GC heap before
{Heap before GC invocations=1 (full 0):
 PSYoungGen      total 35840K, used 30720K [0x00000000d8400000, 0x00000000dac00000, 0x0000000100000000)
  eden space 30720K, 100% used [0x00000000d8400000,0x00000000da200000,0x00000000da200000)
  from space 5120K, 0% used [0x00000000da700000,0x00000000da700000,0x00000000dac00000)
  to   space 5120K, 0% used [0x00000000da200000,0x00000000da200000,0x00000000da700000)
 ParOldGen       total 81920K, used 0K [0x0000000088c00000, 0x000000008dc00000, 0x00000000d8400000)
  object space 81920K, 0% used [0x0000000088c00000,0x0000000088c00000,0x000000008dc00000)
 Metaspace       used 7671K, capacity 7816K, committed 8064K, reserved 1056768K
  class space    used 968K, capacity 1052K, committed 1152K, reserved 1048576K
Event: 0.901 GC heap after
Heap after GC invocations=1 (full 0):
 PSYoungGen      total 35840K, used 4576K [0x00000000d8400000, 0x00000000dac00000, 0x0000000100000000)
  eden space 30720K, 0% used [0x00000000d8400000,0x00000000d8400000,0x00000000da200000)
  from space 5120K, 89% used [0x00000000da200000,0x00000000da678048,0x00000000da700000)
  to   space 5120K, 0% used [0x00000000da700000,0x00000000da700000,0x00000000dac00000)
 ParOldGen       total 81920K, used 8K [0x0000000088c00000, 0x000000008dc00000, 0x00000000d8400000)
  object space 81920K, 0% used [0x0000000088c00000,0x0000000088c02000,0x000000008dc00000)
 Metaspace       used 7671K, capacity 7816K, committed 8064K, reserved 1056768K
  class space    used 968K, capacity 1052K, committed 1152K, reserved 1048576K
}
Event: 1.530 GC heap before
{Heap before GC invocations=2 (full 0):
 PSYoungGen      total 35840K, used 35296K [0x00000000d8400000, 0x00000000dac00000, 0x0000000100000000)
  eden space 30720K, 100% used [0x00000000d8400000,0x00000000da200000,0x00000000da200000)
  from space 5120K, 89% used [0x00000000da200000,0x00000000da678048,0x00000000da700000)
  to   space 5120K, 0% used [0x00000000da700000,0x00000000da700000,0x00000000dac00000)
 ParOldGen       total 81920K, used 8K [0x0000000088c00000, 0x000000008dc00000, 0x00000000d8400000)
  object space 81920K, 0% used [0x0000000088c00000,0x0000000088c02000,0x000000008dc00000)
 Metaspace       used 11667K, capacity 11898K, committed 12160K, reserved 1060864K
  class space    used 1485K, capacity 1577K, committed 1664K, reserved 1048576K
Event: 1.536 GC heap after
Heap after GC invocations=2 (full 0):
 PSYoungGen      total 35840K, used 5103K [0x00000000d8400000, 0x00000000dac00000, 0x0000000100000000)
  eden space 30720K, 0% used [0x00000000d8400000,0x00000000d8400000,0x00000000da200000)
  from space 5120K, 99% used [0x00000000da700000,0x00000000dabfbf00,0x00000000dac00000)
  to   space 5120K, 0% used [0x00000000da200000,0x00000000da200000,0x00000000da700000)
 ParOldGen       total 81920K, used 2144K [0x0000000088c00000, 0x000000008dc00000, 0x00000000d8400000)
  object space 81920K, 2% used [0x0000000088c00000,0x0000000088e18340,0x000000008dc00000)
 Metaspace       used 11667K, capacity 11898K, committed 12160K, reserved 1060864K
  class space    used 1485K, capacity 1577K, committed 1664K, reserved 1048576K
}
Event: 2.208 GC heap before
{Heap before GC invocations=3 (full 0):
 PSYoungGen      total 35840K, used 35823K [0x00000000d8400000, 0x00000000dac00000, 0x0000000100000000)
  eden space 30720K, 100% used [0x00000000d8400000,0x00000000da200000,0x00000000da200000)
  from space 5120K, 99% used [0x00000000da700000,0x00000000dabfbf00,0x00000000dac00000)
  to   space 5120K, 0% used [0x00000000da200000,0x00000000da200000,0x00000000da700000)
 ParOldGen       total 81920K, used 2144K [0x0000000088c00000, 0x000000008dc00000, 0x00000000d8400000)
  object space 81920K, 2% used [0x0000000088c00000,0x0000000088e18340,0x000000008dc00000)
 Metaspace       used 14245K, capacity 14478K, committed 14720K, reserved 1062912K
  class space    used 1746K, capacity 1847K, committed 1920K, reserved 1048576K
Event: 2.225 GC heap after
Heap after GC invocations=3 (full 0):
 PSYoungGen      total 35840K, used 5104K [0x00000000d8400000, 0x00000000dca00000, 0x0000000100000000)
  eden space 30720K, 0% used [0x00000000d8400000,0x00000000d8400000,0x00000000da200000)
  from space 5120K, 99% used [0x00000000da200000,0x00000000da6fc030,0x00000000da700000)
  to   space 5120K, 0% used [0x00000000dc500000,0x00000000dc500000,0x00000000dca00000)
 ParOldGen       total 81920K, used 5446K [0x0000000088c00000, 0x000000008dc00000, 0x00000000d8400000)
  object space 81920K, 6% used [0x0000000088c00000,0x0000000089151bd0,0x000000008dc00000)
 Metaspace       used 14245K, capacity 14478K, committed 14720K, reserved 1062912K
  class space    used 1746K, capacity 1847K, committed 1920K, reserved 1048576K
}
Event: 2.614 GC heap before
{Heap before GC invocations=4 (full 0):
 PSYoungGen      total 35840K, used 35824K [0x00000000d8400000, 0x00000000dca00000, 0x0000000100000000)
  eden space 30720K, 100% used [0x00000000d8400000,0x00000000da200000,0x00000000da200000)
  from space 5120K, 99% used [0x00000000da200000,0x00000000da6fc030,0x00000000da700000)
  to   space 5120K, 0% used [0x00000000dc500000,0x00000000dc500000,0x00000000dca00000)
 ParOldGen       total 81920K, used 5446K [0x0000000088c00000, 0x000000008dc00000, 0x00000000d8400000)
  object space 81920K, 6% used [0x0000000088c00000,0x0000000089151bd0,0x000000008dc00000)
 Metaspace       used 14562K, capacity 14740K, committed 14976K, reserved 1062912K
  class space    used 1769K, capacity 1848K, committed 1920K, reserved 1048576K
Event: 2.624 GC heap after
Heap after GC invocations=4 (full 0):
 PSYoungGen      total 66560K, used 5104K [0x00000000d8400000, 0x00000000dca00000, 0x0000000100000000)
  eden space 61440K, 0% used [0x00000000d8400000,0x00000000d8400000,0x00000000dc000000)
  from space 5120K, 99% used [0x00000000dc500000,0x00000000dc9fc010,0x00000000dca00000)
  to   space 5120K, 0% used [0x00000000dc000000,0x00000000dc000000,0x00000000dc500000)
 ParOldGen       total 81920K, used 8753K [0x0000000088c00000, 0x000000008dc00000, 0x00000000d8400000)
  object space 81920K, 10% used [0x0000000088c00000,0x000000008948c578,0x000000008dc00000)
 Metaspace       used 14562K, capacity 14740K, committed 14976K, reserved 1062912K
  class space    used 1769K, capacity 1848K, committed 1920K, reserved 1048576K
}
Event: 3.531 GC heap before
{Heap before GC invocations=5 (full 0):
 PSYoungGen      total 66560K, used 66544K [0x00000000d8400000, 0x00000000dca00000, 0x0000000100000000)
  eden space 61440K, 100% used [0x00000000d8400000,0x00000000dc000000,0x00000000dc000000)
  from space 5120K, 99% used [0x00000000dc500000,0x00000000dc9fc010,0x00000000dca00000)
  to   space 5120K, 0% used [0x00000000dc000000,0x00000000dc000000,0x00000000dc500000)
 ParOldGen       total 81920K, used 8753K [0x0000000088c00000, 0x000000008dc00000, 0x00000000d8400000)
  object space 81920K, 10% used [0x0000000088c00000,0x000000008948c578,0x000000008dc00000)
 Metaspace       used 15868K, capacity 16248K, committed 16384K, reserved 1062912K
  class space    used 1890K, capacity 1986K, committed 2048K, reserved 1048576K
Event: 3.550 GC heap after
Heap after GC invocations=5 (full 0):
 PSYoungGen      total 66560K, used 5120K [0x00000000d8400000, 0x00000000e1300000, 0x0000000100000000)
  eden space 61440K, 0% used [0x00000000d8400000,0x00000000d8400000,0x00000000dc000000)
  from space 5120K, 100% used [0x00000000dc000000,0x00000000dc500000,0x00000000dc500000)
  to   space 11776K, 0% used [0x00000000e0780000,0x00000000e0780000,0x00000000e1300000)
 ParOldGen       total 81920K, used 13640K [0x0000000088c00000, 0x000000008dc00000, 0x00000000d8400000)
  object space 81920K, 16% used [0x0000000088c00000,0x00000000899523d8,0x000000008dc00000)
 Metaspace       used 15868K, capacity 16248K, committed 16384K, reserved 1062912K
  class space    used 1890K, capacity 1986K, committed 2048K, reserved 1048576K
}

Deoptimization events (10 events):
Event: 4.390 Thread 0x000000000294f000 Uncommon trap: reason=class_check action=maybe_recompile pc=0x00000000032f0e30 method=java.util.Collections$UnmodifiableMap$UnmodifiableEntrySet$UnmodifiableEntry.getValue()Ljava/lang/Object; @ 4
Event: 4.390 Thread 0x000000000294f000 Uncommon trap: reason=class_check action=maybe_recompile pc=0x00000000032d74bc method=java.util.Collections$UnmodifiableMap$UnmodifiableEntrySet$1.hasNext()Z @ 4
Event: 4.390 Thread 0x000000000294f000 Uncommon trap: reason=class_check action=maybe_recompile pc=0x00000000032e2680 method=java.util.Collections$UnmodifiableMap$UnmodifiableEntrySet$1.next()Ljava/util/Map$Entry; @ 8
Event: 4.390 Thread 0x000000000294f000 Uncommon trap: reason=class_check action=maybe_recompile pc=0x00000000032f5270 method=java.util.Collections$UnmodifiableMap$UnmodifiableEntrySet$UnmodifiableEntry.getKey()Ljava/lang/Object; @ 4
Event: 4.390 Thread 0x000000000294f000 Uncommon trap: reason=class_check action=maybe_recompile pc=0x00000000032f0e30 method=java.util.Collections$UnmodifiableMap$UnmodifiableEntrySet$UnmodifiableEntry.getValue()Ljava/lang/Object; @ 4
Event: 4.390 Thread 0x000000000294f000 Uncommon trap: reason=class_check action=maybe_recompile pc=0x00000000032d74bc method=java.util.Collections$UnmodifiableMap$UnmodifiableEntrySet$1.hasNext()Z @ 4
Event: 4.390 Thread 0x000000000294f000 Uncommon trap: reason=class_check action=maybe_recompile pc=0x00000000032e2680 method=java.util.Collections$UnmodifiableMap$UnmodifiableEntrySet$1.next()Ljava/util/Map$Entry; @ 8
Event: 4.390 Thread 0x000000000294f000 Uncommon trap: reason=class_check action=maybe_recompile pc=0x00000000032f5270 method=java.util.Collections$UnmodifiableMap$UnmodifiableEntrySet$UnmodifiableEntry.getKey()Ljava/lang/Object; @ 4
Event: 4.390 Thread 0x000000000294f000 Uncommon trap: reason=class_check action=maybe_recompile pc=0x00000000032f0e30 method=java.util.Collections$UnmodifiableMap$UnmodifiableEntrySet$UnmodifiableEntry.getValue()Ljava/lang/Object; @ 4
Event: 5.599 Thread 0x000000005cd86800 Uncommon trap: reason=unstable_if action=reinterpret pc=0x000000000374e110 method=java.io.BufferedReader.readLine(Z)Ljava/lang/String; @ 192

Internal exceptions (10 events):
Event: 1.802 Thread 0x000000000294f000 Exception <a 'java/lang/NullPointerException'> (0x00000000d8c151b0) thrown at [C:\re\workspace\8-2-build-windows-amd64-cygwin\jdk8u60\4407\hotspot\src\share\vm\interpreter\linkResolver.cpp, line 1178]
Event: 1.803 Thread 0x000000000294f000 Exception <a 'java/lang/NullPointerException'> (0x00000000d8c248d0) thrown at [C:\re\workspace\8-2-build-windows-amd64-cygwin\jdk8u60\4407\hotspot\src\share\vm\interpreter\linkResolver.cpp, line 1178]
Event: 1.803 Thread 0x000000000294f000 Exception <a 'java/lang/NullPointerException'> (0x00000000d8c24ae8) thrown at [C:\re\workspace\8-2-build-windows-amd64-cygwin\jdk8u60\4407\hotspot\src\share\vm\interpreter\linkResolver.cpp, line 1178]
Event: 1.803 Thread 0x000000000294f000 Exception <a 'java/lang/NullPointerException'> (0x00000000d8c24d00) thrown at [C:\re\workspace\8-2-build-windows-amd64-cygwin\jdk8u60\4407\hotspot\src\share\vm\interpreter\linkResolver.cpp, line 1178]
Event: 1.993 Thread 0x000000000294f000 Implicit null exception at 0x00000000030fe95f to 0x00000000030feba1
Event: 2.299 Thread 0x000000000294f000 Implicit null exception at 0x0000000002f40cc5 to 0x0000000002f40e91
Event: 2.299 Thread 0x000000000294f000 Implicit null exception at 0x0000000002eecfaf to 0x0000000002eed015
Event: 2.675 Thread 0x000000000294f000 Implicit null exception at 0x00000000032f64df to 0x00000000032f6721
Event: 3.294 Thread 0x000000000294f000 Implicit null exception at 0x00000000033f7236 to 0x00000000033f840d
Event: 3.375 Thread 0x000000000294f000 Implicit null exception at 0x0000000003448209 to 0x000000000344ab61

Events (10 events):
Event: 5.628 loading class sun/nio/cs/ThreadLocalCoders$2
Event: 5.628 loading class sun/nio/cs/ThreadLocalCoders$2 done
Event: 5.859 loading class org/apache/maven/surefire/report/CategorizedReportEntry
Event: 5.859 loading class org/apache/maven/surefire/report/CategorizedReportEntry done
Event: 5.859 loading class org/apache/maven/surefire/report/CategorizedReportEntry
Event: 5.859 loading class org/apache/maven/surefire/report/CategorizedReportEntry done
Event: 5.859 loading class org/apache/maven/surefire/report/SimpleReportEntry
Event: 5.859 loading class org/apache/maven/surefire/report/SimpleReportEntry done
Event: 5.859 loading class org/apache/maven/surefire/report/SimpleReportEntry
Event: 5.859 loading class org/apache/maven/surefire/report/SimpleReportEntry done


Dynamic libraries:
0x000000013ff90000 - 0x000000013ffc7000 	C:\java\jdk1.8.0_60\bin\java.exe
0x0000000076cc0000 - 0x0000000076e6a000 	C:\Windows\SYSTEM32\ntdll.dll
0x0000000076ba0000 - 0x0000000076cbf000 	C:\Windows\system32\kernel32.dll
0x000007fefcd70000 - 0x000007fefcddb000 	C:\Windows\system32\KERNELBASE.dll
0x000007fefdef0000 - 0x000007fefdfcb000 	C:\Windows\system32\ADVAPI32.dll
0x000007fefd0c0000 - 0x000007fefd15f000 	C:\Windows\system32\msvcrt.dll
0x000007fefe670000 - 0x000007fefe68f000 	C:\Windows\SYSTEM32\sechost.dll
0x000007fefe390000 - 0x000007fefe4bd000 	C:\Windows\system32\RPCRT4.dll
0x0000000076aa0000 - 0x0000000076b9a000 	C:\Windows\system32\USER32.dll
0x000007fefe300000 - 0x000007fefe367000 	C:\Windows\system32\GDI32.dll
0x000007fefe380000 - 0x000007fefe38e000 	C:\Windows\system32\LPK.dll
0x000007fefe690000 - 0x000007fefe75a000 	C:\Windows\system32\USP10.dll
0x000007fefb450000 - 0x000007fefb644000 	C:\Windows\WinSxS\amd64_microsoft.windows.common-controls_6595b64144ccf1df_6.0.7601.18837_none_fa3b1e3d17594757\COMCTL32.dll
0x000007fefe800000 - 0x000007fefe871000 	C:\Windows\system32\SHLWAPI.dll
0x000007fefefa0000 - 0x000007fefefce000 	C:\Windows\system32\IMM32.DLL
0x000007fefe540000 - 0x000007fefe649000 	C:\Windows\system32\MSCTF.dll
0x000000007e110000 - 0x000000007e19d000 	C:\Users\Rafa³\Desktop\ConEMu\ConEmu\ConEmuHk64.dll
0x0000000058d30000 - 0x0000000058e02000 	C:\java\jdk1.8.0_60\jre\bin\msvcr100.dll
0x00000000584a0000 - 0x0000000058d29000 	C:\java\jdk1.8.0_60\jre\bin\server\jvm.dll
0x000007fef4ab0000 - 0x000007fef4ab9000 	C:\Windows\system32\WSOCK32.dll
0x000007fefef50000 - 0x000007fefef9d000 	C:\Windows\system32\WS2_32.dll
0x000007fefe370000 - 0x000007fefe378000 	C:\Windows\system32\NSI.dll
0x000007fef9780000 - 0x000007fef97bb000 	C:\Windows\system32\WINMM.dll
0x000007fefbb10000 - 0x000007fefbb1c000 	C:\Windows\system32\VERSION.dll
0x0000000076e80000 - 0x0000000076e87000 	C:\Windows\system32\PSAPI.DLL
0x0000000058490000 - 0x000000005849f000 	C:\java\jdk1.8.0_60\jre\bin\verify.dll
0x0000000058460000 - 0x0000000058489000 	C:\java\jdk1.8.0_60\jre\bin\java.dll
0x0000000058440000 - 0x0000000058456000 	C:\java\jdk1.8.0_60\jre\bin\zip.dll
0x000007fefd160000 - 0x000007fefdeea000 	C:\Windows\system32\SHELL32.dll
0x000007fefe8e0000 - 0x000007fefeae3000 	C:\Windows\system32\ole32.dll
0x000007fefca40000 - 0x000007fefca4f000 	C:\Windows\system32\profapi.dll
0x0000000001d20000 - 0x0000000001d3a000 	C:\java\jdk1.8.0_60\jre\bin\net.dll
0x000007fefc1e0000 - 0x000007fefc235000 	C:\Windows\system32\mswsock.dll
0x000007fefc1d0000 - 0x000007fefc1d7000 	C:\Windows\System32\wship6.dll
0x0000000001d40000 - 0x0000000001d51000 	C:\java\jdk1.8.0_60\jre\bin\nio.dll
0x000007fefc240000 - 0x000007fefc258000 	C:\Windows\system32\CRYPTSP.dll
0x000007fefbf40000 - 0x000007fefbf87000 	C:\Windows\system32\rsaenh.dll
0x000007fefccd0000 - 0x000007fefccee000 	C:\Windows\system32\USERENV.dll
0x000007fefc8a0000 - 0x000007fefc8af000 	C:\Windows\system32\CRYPTBASE.dll
0x000007fefa560000 - 0x000007fefa587000 	C:\Windows\system32\IPHLPAPI.DLL
0x000007fefa550000 - 0x000007fefa55b000 	C:\Windows\system32\WINNSI.DLL
0x000007fef9e90000 - 0x000007fef9ea1000 	C:\Windows\system32\dhcpcsvc6.DLL
0x000007fef9e50000 - 0x000007fef9e68000 	C:\Windows\system32\dhcpcsvc.DLL
0x000007fefc840000 - 0x000007fefc897000 	C:\Windows\system32\apphelp.dll

VM Arguments:
jvm_args: -Dclassworlds.conf=C:\java\maven\bin\..\bin\m2.conf -Dmaven.home=C:\java\maven\bin\.. -Dmaven.multiModuleProjectDirectory=C:\Studia\pp5\testy\CarRent 
java_command: org.codehaus.plexus.classworlds.launcher.Launcher package
java_class_path (initial): C:\java\maven\bin\..\boot\plexus-classworlds-2.5.2.jar
Launcher Type: SUN_STANDARD

Environment Variables:
JAVA_HOME=C:\java\jdk1.8.0_60
PATH=C:\Users\Rafa³\Desktop\ConEMu;C:\Users\Rafa³\Desktop\ConEMu\ConEmu;C:\Windows\system32;C:\Windows;C:\Windows\system32\wbem;C:\ProgramData\Oracle\Java\javapath;C:\Program Files (x86)\NVIDIA Corporation\PhysX\Common;C:\Windows\System32\WindowsPowerShell\v1.0;C:\Program Files (x86)\Intel\OpenCL SDK\2.0\bin\x86;C:\Program Files (x86)\Intel\OpenCL SDK\2.0\bin\x64;C:\Program Files\Microsoft SQL Server\110\Tools\Binn;c:\Program Files (x86)\Microsoft SQL Server\100\Tools\Binn;c:\Program Files\Microsoft SQL Server\100\Tools\Binn;c:\Program Files\Microsoft SQL Server\100\DTS\Binn;c:\Program Files (x86)\Microsoft SQL Server\90\Tools\binn;c:\Program Files (x86)\Microsoft SQL Server\100\DTS\Binn;C:\Program Files\Calibre2;C:\Program Files (x86)\Skype\Phone;c:\Program Files (x86)\Microsoft SQL Server\100\Tools\Binn\;c:\Program Files (x86)\Microsoft SQL Server\100\DTS\Binn\;C:\Program Files\Calibre2\;C:\wamp\bin\php\php5.5.12;C:\ProgramData\ComposerSetup\bin;C:\Program Files (x86)\Skype\Phone\;C:\Program Files\nodejs\;C:\Program Files (x86)\Nmap;C:\java\jdk1.8.0_60\bin;C:\minigw64\bin;C:\java\maven\bin;C:\Users\Rafa³\AppData\Roaming\npm;C:\Program Files (x86)\Git\bin
USERNAME=Rafa³
OS=Windows_NT
PROCESSOR_IDENTIFIER=Intel64 Family 6 Model 58 Stepping 9, GenuineIntel



---------------  S Y S T E M  ---------------

OS: Windows 7 , 64 bit Build 7601 (6.1.7601.19135)

CPU:total 4 (2 cores per cpu, 2 threads per core) family 6 model 58 stepping 9, cmov, cx8, fxsr, mmx, sse, sse2, sse3, ssse3, sse4.1, sse4.2, popcnt, avx, aes, clmul, erms, ht, tsc, tscinvbit, tscinv

Memory: 4k page, physical 7812504k(687676k free), swap 8859244k(4624k free)

vm_info: Java HotSpot(TM) 64-Bit Server VM (25.60-b23) for windows-amd64 JRE (1.8.0_60-b27), built on Aug  4 2015 11:06:27 by "java_re" with MS VC++ 10.0 (VS2010)

time: Sat Feb 27 17:29:54 2016
elapsed time: 10 seconds (0d 0h 0m 10s)

